<?xml version="1.0" encoding="UTF-8"?>
<SPDXLicenseCollection xmlns="http://www.spdx.org/license">
   <exception licenseId="Test-License-Ved69"
   name="Test-License-Ved69" listVersionAdded="">
   <crossRefs>
      <crossRef>https://www.apache.org/licenses/LICENSE-2.0</crossRef>
   </crossRefs>
   <standardLicenseHeader>
   </standardLicenseHeader>
   <notes>
   </notes>
   <text>
      <p>
         Test-License-Ved6
      </p>
   </text>
   </exception>
</SPDXLicenseCollection>
